[StartTime] 2019/01/09 - 17:08:47 [IP] ::1 [Path] /auth/login [Method] OPTIONS [LtcyTime] 97.286µs [StatusCode] 404 [ErrorInfo] 
[StartTime] 2019/01/09 - 17:08:53 [IP] ::1 [Path] /auth/login [Method] OPTIONS [LtcyTime] 41.915µs [StatusCode] 404 [ErrorInfo] 
[StartTime] 2019/01/09 - 17:09:27 [IP] ::1 [Path] /login [Method] OPTIONS [LtcyTime] 142.676µs [StatusCode] 404 [ErrorInfo] 
[StartTime] 2019/01/09 - 17:09:31 [IP] ::1 [Path] /login [Method] OPTIONS [LtcyTime] 88.436µs [StatusCode] 404 [ErrorInfo] 
[StartTime] 2019/01/09 - 17:09:50 [IP] ::1 [Path] /login [Method] GET [LtcyTime] 82.535µs [StatusCode] 404 [ErrorInfo] 
[StartTime] 2019/01/09 - 17:09:51 [IP] ::1 [Path] /favicon.ico [Method] GET [LtcyTime] 48.321µs [StatusCode] 404 [ErrorInfo] 
[StartTime] 2019/01/09 - 17:16:33 [IP] ::1 [Path] /login [Method] OPTIONS [LtcyTime] 37.466µs [StatusCode] 204 [ErrorInfo] 
[StartTime] 2019/01/09 - 17:16:33 [IP] ::1 [Path] /login [Method] POST [LtcyTime] 5.001562ms [StatusCode] 400 [ErrorInfo] 
[StartTime] 2019/01/09 - 17:19:18 [IP] ::1 [Path] /login [Method] OPTIONS [LtcyTime] 39.672µs [StatusCode] 204 [ErrorInfo] 
[StartTime] 2019/01/09 - 17:19:18 [IP] ::1 [Path] /login [Method] POST [LtcyTime] 1.259475ms [StatusCode] 500 [ErrorInfo] 
[StartTime] 2019/01/09 - 17:21:57 [IP] ::1 [Path] /login [Method] GET [LtcyTime] 95.73µs [StatusCode] 404 [ErrorInfo] 
[StartTime] 2019/01/09 - 17:22:03 [IP] ::1 [Path] /post [Method] GET [LtcyTime] 109.909µs [StatusCode] 404 [ErrorInfo] 
[StartTime] 2019/01/09 - 17:22:22 [IP] ::1 [Path] /post [Method] GET [LtcyTime] 77.103µs [StatusCode] 404 [ErrorInfo] 
[StartTime] 2019/01/09 - 17:22:47 [IP] ::1 [Path] /post [Method] GET [LtcyTime] 172.375µs [StatusCode] 404 [ErrorInfo] 
[StartTime] 2019/01/09 - 17:23:14 [IP] ::1 [Path] /tag [Method] GET [LtcyTime] 1.504522ms [StatusCode] 200 [ErrorInfo] 
[StartTime] 2019/01/09 - 17:23:15 [IP] ::1 [Path] /tag [Method] GET [LtcyTime] 447.641µs [StatusCode] 200 [ErrorInfo] 
[StartTime] 2019/01/09 - 17:32:07 [IP] ::1 [Path] /tag [Method] GET [LtcyTime] 611.751µs [StatusCode] 200 [ErrorInfo] 
[StartTime] 2019/01/09 - 17:36:03 [IP] ::1 [Path] /tag [Method] GET [LtcyTime] 997.043µs [StatusCode] 200 [ErrorInfo] 
[StartTime] 2019/01/09 - 17:36:03 [IP] ::1 [Path] /tag [Method] GET [LtcyTime] 535.575µs [StatusCode] 200 [ErrorInfo] 
[StartTime] 2019/01/09 - 17:38:28 [IP] ::1 [Path] /tag [Method] GET [LtcyTime] 683.905µs [StatusCode] 200 [ErrorInfo] 
[StartTime] 2019/01/09 - 17:40:22 [IP] ::1 [Path] /tag [Method] GET [LtcyTime] 410.916µs [StatusCode] 200 [ErrorInfo] 
[StartTime] 2019/01/09 - 17:42:18 [IP] ::1 [Path] /tag [Method] GET [LtcyTime] 435.569µs [StatusCode] 200 [ErrorInfo] 
[StartTime] 2019/01/09 - 17:44:39 [IP] ::1 [Path] /tag [Method] GET [LtcyTime] 780.799µs [StatusCode] 200 [ErrorInfo] 
[StartTime] 2019/01/09 - 17:44:44 [IP] ::1 [Path] /tag [Method] GET [LtcyTime] 619.562µs [StatusCode] 200 [ErrorInfo] 
[StartTime] 2019/01/09 - 17:45:07 [IP] ::1 [Path] /tag [Method] GET [LtcyTime] 429.756µs [StatusCode] 200 [ErrorInfo] 
[StartTime] 2019/01/09 - 17:45:11 [IP] ::1 [Path] /tag [Method] GET [LtcyTime] 669.084µs [StatusCode] 200 [ErrorInfo] 
[StartTime] 2019/01/09 - 17:45:19 [IP] ::1 [Path] /tag [Method] GET [LtcyTime] 1.977214ms [StatusCode] 200 [ErrorInfo] 
[StartTime] 2019/01/09 - 17:45:21 [IP] ::1 [Path] /tag [Method] GET [LtcyTime] 1.0884ms [StatusCode] 200 [ErrorInfo] 
[StartTime] 2019/01/09 - 17:45:27 [IP] ::1 [Path] /tag [Method] GET [LtcyTime] 419.065µs [StatusCode] 200 [ErrorInfo] 
